<?xml version="1.0" encoding="UTF-8"?>
<!-- Generated by org.testng.reporters.JUnitXMLReporter -->
<testsuite ignored="0" hostname="MyPC300594" failures="1" tests="1" name="Default test" time="3.302" errors="0" timestamp="2022-10-20T09:32:37 IST">
  <testcase classname="com.oauth.Deserilization" name="tc1" time="3.093">
    <failure type="com.fasterxml.jackson.databind.exc.UnrecognizedPropertyException" message="Unrecognized field &amp;quot;lat&amp;quot; (class com.pojo.LocationPojo), not marked as ignorable (2 known properties: &amp;quot;latitude&amp;quot;, &amp;quot;lantutid&amp;quot;])
 at [Source: (String)&amp;quot;{
&amp;quot;location&amp;quot;: {
&amp;quot;lat&amp;quot;: -38.383494,
&amp;quot;lng&amp;quot;: 33.427362
},
&amp;quot;accuracy&amp;quot;: 50,
&amp;quot;name&amp;quot;: &amp;quot;Frontline house&amp;quot;,
&amp;quot;phone_number&amp;quot;: &amp;quot;(+91) 983 893 3937&amp;quot;,
&amp;quot;address&amp;quot;: &amp;quot;6/2,kasthuribai Street pallikonda,vellore&amp;quot;,
&amp;quot;types&amp;quot;: [
&amp;quot;shoe park&amp;quot;,
&amp;quot;shop&amp;quot;
],
&amp;quot;website&amp;quot;: &amp;quot;http://google.com&amp;quot;,
&amp;quot;language&amp;quot;: &amp;quot;French-IN&amp;quot;
}&amp;quot;; line: 3, column: 18] (through reference chain: com.pojo.AddPlacePojo[&amp;quot;location&amp;quot;]-&amp;gt;com.pojo.LocationPojo[&amp;quot;lat&amp;quot;])">
      <![CDATA[com.fasterxml.jackson.databind.exc.UnrecognizedPropertyException: Unrecognized field "lat" (class com.pojo.LocationPojo), not marked as ignorable (2 known properties: "latitude", "lantutid"])
 at [Source: (String)"{
"location": {
"lat": -38.383494,
"lng": 33.427362
},
"accuracy": 50,
"name": "Frontline house",
"phone_number": "(+91) 983 893 3937",
"address": "6/2,kasthuribai Street pallikonda,vellore",
"types": [
"shoe park",
"shop"
],
"website": "http://google.com",
"language": "French-IN"
}"; line: 3, column: 18] (through reference chain: com.pojo.AddPlacePojo["location"]->com.pojo.LocationPojo["lat"])
at com.fasterxml.jackson.databind.exc.UnrecognizedPropertyException.from(UnrecognizedPropertyException.java:61)
at com.fasterxml.jackson.databind.DeserializationContext.handleUnknownProperty(DeserializationContext.java:1127)
at com.fasterxml.jackson.databind.deser.std.StdDeserializer.handleUnknownProperty(StdDeserializer.java:2023)
at com.fasterxml.jackson.databind.deser.BeanDeserializerBase.handleUnknownProperty(BeanDeserializerBase.java:1700)
at com.fasterxml.jackson.databind.deser.BeanDeserializerBase.handleUnknownVanilla(BeanDeserializerBase.java:1678)
at com.fasterxml.jackson.databind.deser.BeanDeserializer.vanillaDeserialize(BeanDeserializer.java:319)
at com.fasterxml.jackson.databind.deser.BeanDeserializer.deserialize(BeanDeserializer.java:176)
at com.fasterxml.jackson.databind.deser.impl.MethodProperty.deserializeAndSet(MethodProperty.java:129)
at com.fasterxml.jackson.databind.deser.BeanDeserializer.vanillaDeserialize(BeanDeserializer.java:313)
at com.fasterxml.jackson.databind.deser.BeanDeserializer.deserialize(BeanDeserializer.java:176)
at com.fasterxml.jackson.databind.deser.DefaultDeserializationContext.readRootValue(DefaultDeserializationContext.java:323)
at com.fasterxml.jackson.databind.ObjectMapper._readMapAndClose(ObjectMapper.java:4674)
at com.fasterxml.jackson.databind.ObjectMapper.readValue(ObjectMapper.java:3629)
at com.fasterxml.jackson.databind.ObjectMapper.readValue(ObjectMapper.java:3597)
at com.oauth.Deserilization.tc1(Deserilization.java:41)
at java.base/jdk.internal.reflect.NativeMethodAccessorImpl.invoke0(Native Method)
at java.base/jdk.internal.reflect.NativeMethodAccessorImpl.invoke(NativeMethodAccessorImpl.java:77)
at java.base/jdk.internal.reflect.DelegatingMethodAccessorImpl.invoke(DelegatingMethodAccessorImpl.java:43)
at java.base/java.lang.reflect.Method.invoke(Method.java:568)
at org.testng.internal.MethodInvocationHelper.invokeMethod(MethodInvocationHelper.java:133)
at org.testng.internal.TestInvoker.invokeMethod(TestInvoker.java:598)
at org.testng.internal.TestInvoker.invokeTestMethod(TestInvoker.java:173)
at org.testng.internal.MethodRunner.runInSequence(MethodRunner.java:46)
at org.testng.internal.TestInvoker$MethodInvocationAgent.invoke(TestInvoker.java:824)
at org.testng.internal.TestInvoker.invokeTestMethods(TestInvoker.java:146)
at org.testng.internal.TestMethodWorker.invokeTestMethods(TestMethodWorker.java:146)
at org.testng.internal.TestMethodWorker.run(TestMethodWorker.java:128)
at java.base/java.util.ArrayList.forEach(ArrayList.java:1511)
at org.testng.TestRunner.privateRun(TestRunner.java:794)
at org.testng.TestRunner.run(TestRunner.java:596)
at org.testng.SuiteRunner.runTest(SuiteRunner.java:377)
at org.testng.SuiteRunner.runSequentially(SuiteRunner.java:371)
at org.testng.SuiteRunner.privateRun(SuiteRunner.java:332)
at org.testng.SuiteRunner.run(SuiteRunner.java:276)
at org.testng.SuiteRunnerWorker.runSuite(SuiteRunnerWorker.java:53)
at org.testng.SuiteRunnerWorker.run(SuiteRunnerWorker.java:96)
at org.testng.TestNG.runSuitesSequentially(TestNG.java:1212)
at org.testng.TestNG.runSuitesLocally(TestNG.java:1134)
at org.testng.TestNG.runSuites(TestNG.java:1063)
at org.testng.TestNG.run(TestNG.java:1031)
at org.testng.remote.AbstractRemoteTestNG.run(AbstractRemoteTestNG.java:115)
at org.testng.remote.RemoteTestNG.initAndRun(RemoteTestNG.java:251)
at org.testng.remote.RemoteTestNG.main(RemoteTestNG.java:77)
]]>
    </failure>
  </testcase> <!-- tc1 -->
</testsuite> <!-- Default test -->
